Diagnose log at 2025-12-18T16:00:42Z

AppPath: C:\Program Files\Git\clangarm64\bin\git-credential-manager.exe
InstallDir: C:\Program Files\Git\clangarm64\bin\
Version: 2.6.1+786ab03440ddc82e807a97c0e540f5247e44cec6

------------
Diagnostic: Environment
Skipped: False
Success: True
Exception: None
Log:
OSType: Windows
OSVersion: 10.0 (build 26200)
Reading environment variables... OK
 Variables:
HOMEPATH=\Users\looki
DriverData=C:\Windows\System32\Drivers\DriverData
COMPUTERNAME=BEN-SURFACE-7
GIT_TRACE2_PARENT_SID=70feab0c-3e19-47b8-8348-2a62c62dbb47
CommonProgramFiles(x86)=C:\Program Files (x86)\Common Files
OneDrive=C:\Users\looki\OneDrive
ChocolateyLastPathUpdate=133976638907258702
C:\Users\looki\AppData\Local\Packages\PythonSoftwareFoundation.Python.3.11_qbz5n2kfra8p0\LocalCache\local-packages\Python311\Scripts=C:\Users\looki\AppData\Local\Packages\PythonSoftwareFoundation.Python.3.11_qbz5n2kfra8p0\LocalCache\local-packages\Python311\Scripts
_ZO_DOCTOR=0
PSExecutionPolicyPreference=Bypass
NO_COLOR=1
CURSOR_AGENT=1
LC_CTYPE=C.UTF-8
PATHEXT=.COM;.EXE;.BAT;.CMD;.VBS;.VBE;.JS;.JSE;.WSF;.WSH;.MSC;.CPL
VSCODE_IPC_HOOK=\\.\pipe\d3c3e31b-2.2.36-main-sock
GIT_EXEC_PATH=C:/Program Files/Git/clangarm64/libexec/git-core
TEMP=C:\Users\looki\AppData\Local\Temp
LOCALAPPDATA=C:\Users\looki\AppData\Local
MSYSTEM=CLANGARM64
SESSIONNAME=Console
PROCESSOR_IDENTIFIER=ARMv8 (64-bit) Family 8 Model 1 Revision 201, Qualcomm Technologies Inc
CURSOR_TRACE_ID=8cc50ec9f98f49b480a147061254c252
ProgramW6432=C:\Program Files
VSCODE_ESM_ENTRYPOINT=vs/workbench/api/node/extensionHostProcess
USERDOMAIN=BEN-SURFACE-7
PROCESSOR_REVISION=0201
Path=C:/Program Files/Git/clangarm64/libexec/git-core;C:\Program Files\Git\clangarm64/bin;C:\Program Files\Git\usr\bin;C:\Users\looki\bin;C:\Windows\system32;C:\Windows;C:\Windows\System32\Wbem;C:\Windows\System32\WindowsPowerShell\v1.0\;C:\Windows\System32\OpenSSH\;c:\Users\looki\AppData\Local\Programs\cursor\resources\app\bin;C:\Program Files\Git\cmd;%NVM_HOME%;%NVM_SYMLINK%;C:\ProgramData\chocolatey\bin;C:\Users\looki\AppData\Local\Microsoft\WindowsApps;C:\Users\looki\AppData\Local\Programs\cursor\resources\app\bin;C:\Users\looki\AppData\Local\nvm;C:\nvm4w\nodejs
PROCESSOR_LEVEL=1
CommonProgramFiles(Arm)=C:\Program Files (Arm)\Common Files
TMPDIR=C:\Users\looki\AppData\Local\Temp
ProgramFiles(x86)=C:\Program Files (x86)
PUBLIC=C:\Users\Public
NUMBER_OF_PROCESSORS=12
FPS_BROWSER_USER_PROFILE_STRING=Default
CommonProgramFiles=C:\Program Files (x86)\Common Files
TMP=C:\Users\looki\AppData\Local\Temp
VSCODE_HANDLES_UNCAUGHT_ERRORS=true
CHROME_CRASHPAD_PIPE_NAME=\\.\pipe\crashpad_34964_REZYNOIRQZEGJKGH
PLINK_PROTOCOL=ssh
ProgramData=C:\ProgramData
ProgramFiles=C:\Program Files (x86)
ChocolateyInstall=C:\ProgramData\chocolatey
GIT_TERMINAL_PROMPT=0
VSCODE_NLS_CONFIG={"userLocale":"en-us","osLocale":"en-gb","resolvedLanguage":"en","defaultMessagesFile":"C:\\Users\\looki\\AppData\\Local\\Programs\\cursor\\resources\\app\\out\\nls.messages.json","locale":"en-us","availableLanguages":{}}
NVM_HOME=C:\Users\looki\AppData\Local\nvm
VSCODE_L10N_BUNDLE_LOCATION=
VSCODE_CODE_CACHE_PATH=C:\Users\looki\AppData\Roaming\Cursor\CachedData\55c9bc11e99cedd1fb93fbb7996abf779c583150
VSCODE_PROCESS_TITLE=extension-host  [1-1]
SystemRoot=C:\Windows
NVM_SYMLINK=C:\nvm4w\nodejs
COMPOSER_NO_INTERACTION=1
ORIGINAL_XDG_CURRENT_DESKTOP=undefined
HOME=C:\Users\looki
FORCE_COLOR=0
windir=C:\Windows
CommonProgramW6432=C:\Program Files\Common Files
LOGONSERVER=\\BEN-SURFACE-7
EFC_10048_1592913036=1
USERDOMAIN_ROAMINGPROFILE=BEN-SURFACE-7
TERM=dumb
APPDATA=C:\Users\looki\AppData\Roaming
HOMEDRIVE=C:
VSCODE_PID=34964
ProgramFiles(Arm)=C:\Program Files (Arm)
PSModulePath=C:\Users\looki\Documents\WindowsPowerShell\Modules;C:\Program Files\WindowsPowerShell\Modules;C:\Windows\system32\WindowsPowerShell\v1.0\Modules
VSCODE_CWD=C:\Users\looki\AppData\Local\Programs\cursor
USERNAME=looki
PROCESSOR_ARCHITEW6432=ARM64
FPS_BROWSER_APP_PROFILE_STRING=Internet Explorer
PROCESSOR_ARCHITECTURE=x86
USERPROFILE=C:\Users\looki
OS=Windows_NT
ComSpec=C:\Windows\system32\cmd.exe
__COMPAT_LAYER=DetectorsAppHealth
SystemDrive=C:
VSCODE_CRASH_REPORTER_PROCESS_TYPE=extensionHost
OneDriveConsumer=C:\Users\looki\OneDrive
ALLUSERSPROFILE=C:\ProgramData


------------
Diagnostic: File system
Skipped: False
Success: True
Exception: None
Log:
Temporary directory is 'C:\Users\looki\AppData\Local\Temp\'...
Checking basic file I/O...
Writing to temporary file 'C:\Users\looki\AppData\Local\Temp\7567440f8745840cf874fe5a'... OK
Reading from temporary file 'C:\Users\looki\AppData\Local\Temp\7567440f8745840cf874fe5a'... OK
Deleting temporary file 'C:\Users\looki\AppData\Local\Temp\7567440f8745840cf874fe5a'... OK
Testing IFileSystem instance...
UserHomePath: C:\Users\looki
UserDataDirectoryPath: C:\Users\looki\.gcm
GetCurrentDirectory(): C:\Users\looki\.cursor\auto-crm

------------
Diagnostic: Networking
Skipped: False
Success: True
Exception: None
Log:
Checking networking and HTTP stack...
Creating HTTP client... OK
IsNetworkAvailable: True
Sending HEAD request to http://example.com...Sending HEAD request to https://example.com... OK
 OK
Acquiring free TCP port... OK
Testing local HTTP loopback connections...
Creating new HTTP listener for http://localhost:58924/... OK
Waiting for loopback connection... OK
Writing response... OK
Waiting for response data... OK
Loopback connection data OK

------------
Diagnostic: Git
Skipped: False
Success: True
Exception: None
Log:
Getting Git version... OK
Git version is '2.49.0.windows.1'
Locating current repository...Git repository at 'C:/Users/looki/.cursor/auto-crm/.git'
 OK
Listing all Git configuration... OK
Git configuration:
file:C:/Program Files/Git/etc/gitconfig	diff.astextplain.textconv=astextplain
file:C:/Program Files/Git/etc/gitconfig	filter.lfs.clean=git-lfs clean -- %f
file:C:/Program Files/Git/etc/gitconfig	filter.lfs.smudge=git-lfs smudge -- %f
file:C:/Program Files/Git/etc/gitconfig	filter.lfs.process=git-lfs filter-process
file:C:/Program Files/Git/etc/gitconfig	filter.lfs.required=true
file:C:/Program Files/Git/etc/gitconfig	http.sslbackend=schannel
file:C:/Program Files/Git/etc/gitconfig	core.autocrlf=true
file:C:/Program Files/Git/etc/gitconfig	core.fscache=true
file:C:/Program Files/Git/etc/gitconfig	core.symlinks=false
file:C:/Program Files/Git/etc/gitconfig	core.editor=nano.exe
file:C:/Program Files/Git/etc/gitconfig	pull.rebase=false
file:C:/Program Files/Git/etc/gitconfig	credential.helper=manager
file:C:/Program Files/Git/etc/gitconfig	credential.https://dev.azure.com.usehttppath=true
file:C:/Program Files/Git/etc/gitconfig	init.defaultbranch=master
file:C:/Users/looki/.gitconfig	user.name=Ben Swanson
file:C:/Users/looki/.gitconfig	user.email=ben@earlyadoptershub.com
file:.git/config	core.repositoryformatversion=0
file:.git/config	core.filemode=false
file:.git/config	core.bare=false
file:.git/config	core.logallrefupdates=true
file:.git/config	core.symlinks=false
file:.git/config	core.ignorecase=true
file:.git/config	remote.origin.url=https://github.com/Ben-445/auto-crm.git
file:.git/config	remote.origin.fetch=+refs/heads/*:refs/remotes/origin/*
file:.git/config	branch.main.remote=origin
file:.git/config	branch.main.merge=refs/heads/main
file:.git/config	branch.main.vscode-merge-base=origin/main


------------
Diagnostic: Credential storage
Skipped: False
Success: True
Exception: None
Log:
ICredentialStore instance is of type: CredentialStore
Writing test credential... OK
Reading test credential... OK
Deleting test credential... OK

------------
Diagnostic: Microsoft authentication (AAD/MSA)
Skipped: False
Success: True
Exception: None
Log:
Broker is not enabled.
Flow type is: Auto
Gathering MSAL token cache data... OK
CacheDirectory: C:\Users\looki\AppData\Local\.IdentityService
CacheFileName: msal.cache
CacheFilePath: C:\Users\looki\AppData\Local\.IdentityService\msal.cache
Creating cache helper... OK
Verifying MSAL token cache persistence... OK

------------
Diagnostic: GitHub API
Skipped: False
Success: True
Exception: None
Log:
Using 'https://github.com/' as API target.
Querying '/meta' endpoint... OK

